2013-02-08T14:24:42+01:00 DEBUG (7): script 'accounts/logout.phtml' not found in path (/var/www/instagram/application/modules/public/views/scripts/)
#0 /var/www/instagram/library/Zend/View/Abstract.php(884): Zend_View_Abstract->_script('accounts/logout...')
#1 /var/www/instagram/library/Zend/Controller/Action/Helper/ViewRenderer.php(900): Zend_View_Abstract->render('accounts/logout...')
#2 /var/www/instagram/library/Zend/Controller/Action/Helper/ViewRenderer.php(921): Zend_Controller_Action_Helper_ViewRenderer->renderScript('accounts/logout...', NULL)
#3 /var/www/instagram/library/Zend/Controller/Action/Helper/ViewRenderer.php(960): Zend_Controller_Action_Helper_ViewRenderer->render()
#4 /var/www/instagram/library/Zend/Controller/Action/HelperBroker.php(277): Zend_Controller_Action_Helper_ViewRenderer->postDispatch()
#5 /var/www/instagram/library/Zend/Controller/Action.php(527): Zend_Controller_Action_HelperBroker->notifyPostDispatch()
#6 /var/www/instagram/library/Zend/Controller/Dispatcher/Standard.php(295): Zend_Controller_Action->dispatch('logoutAction')
#7 /var/www/instagram/library/Zend/Controller/Front.php(954): Zend_Controller_Dispatcher_Standard->dispatch(Object(Zend_Controller_Request_Http), Object(Zend_Controller_Response_Http))
#8 /var/www/instagram/application/Bootstrap.php(197): Zend_Controller_Front->dispatch()
#9 /var/www/instagram/index.php(30): Bootstrap->run()
#10 {main}
2013-02-08T14:24:46+01:00 DEBUG (7): script 'login/login.phtml' not found in path (/var/www/instagram/application/modules/public/views/scripts/)
#0 /var/www/instagram/library/Zend/View/Abstract.php(884): Zend_View_Abstract->_script('login/login.pht...')
#1 /var/www/instagram/library/Zend/Controller/Action/Helper/ViewRenderer.php(900): Zend_View_Abstract->render('login/login.pht...')
#2 /var/www/instagram/library/Zend/Controller/Action/Helper/ViewRenderer.php(921): Zend_Controller_Action_Helper_ViewRenderer->renderScript('login/login.pht...', NULL)
#3 /var/www/instagram/library/Zend/Controller/Action/Helper/ViewRenderer.php(960): Zend_Controller_Action_Helper_ViewRenderer->render()
#4 /var/www/instagram/library/Zend/Controller/Action/HelperBroker.php(277): Zend_Controller_Action_Helper_ViewRenderer->postDispatch()
#5 /var/www/instagram/library/Zend/Controller/Action.php(527): Zend_Controller_Action_HelperBroker->notifyPostDispatch()
#6 /var/www/instagram/library/Zend/Controller/Dispatcher/Standard.php(295): Zend_Controller_Action->dispatch('loginAction')
#7 /var/www/instagram/library/Zend/Controller/Front.php(954): Zend_Controller_Dispatcher_Standard->dispatch(Object(Zend_Controller_Request_Http), Object(Zend_Controller_Response_Http))
#8 /var/www/instagram/application/Bootstrap.php(197): Zend_Controller_Front->dispatch()
#9 /var/www/instagram/index.php(30): Bootstrap->run()
#10 {main}
2013-02-08T14:24:52+01:00 DEBUG (7): Invalid controller specified (demo)
#0 /var/www/instagram/library/Zend/Controller/Front.php(954): Zend_Controller_Dispatcher_Standard->dispatch(Object(Zend_Controller_Request_Http), Object(Zend_Controller_Response_Http))
#1 /var/www/instagram/application/Bootstrap.php(197): Zend_Controller_Front->dispatch()
#2 /var/www/instagram/index.php(30): Bootstrap->run()
#3 {main}
2013-02-08T14:25:47+01:00 DEBUG (7): Invalid controller specified (demo)
#0 /var/www/instagram/library/Zend/Controller/Front.php(954): Zend_Controller_Dispatcher_Standard->dispatch(Object(Zend_Controller_Request_Http), Object(Zend_Controller_Response_Http))
#1 /var/www/instagram/application/Bootstrap.php(197): Zend_Controller_Front->dispatch()
#2 /var/www/instagram/index.php(30): Bootstrap->run()
#3 {main}
